c:\users\loler\source\repos\calculadora\debug\calculadora.lib
c:\users\loler\source\repos\calculadora\debug\calculadora.exp
c:\users\loler\source\repos\calculadora\calculadora\debug\vc141.pdb
c:\users\loler\source\repos\calculadora\calculadora\debug\vc141.idb
c:\users\loler\source\repos\calculadora\calculadora\debug\view.obj
c:\users\loler\source\repos\calculadora\calculadora\debug\subject.obj
c:\users\loler\source\repos\calculadora\calculadora\debug\source.obj
c:\users\loler\source\repos\calculadora\calculadora\debug\observer.obj
c:\users\loler\source\repos\calculadora\calculadora\debug\nodo.obj
c:\users\loler\source\repos\calculadora\calculadora\debug\model.obj
c:\users\loler\source\repos\calculadora\calculadora\debug\lista.obj
c:\users\loler\source\repos\calculadora\calculadora\debug\controller.obj
c:\users\loler\source\repos\calculadora\calculadora\debug\calculadora.obj
c:\users\loler\source\repos\calculadora\debug\calculadora.exe
c:\users\loler\source\repos\calculadora\debug\calculadora.ilk
c:\users\loler\source\repos\calculadora\debug\calculadora.pdb
c:\users\loler\source\repos\calculadora\calculadora\debug\calculadora.tlog\calculadora.write.1u.tlog
c:\users\loler\source\repos\calculadora\calculadora\debug\calculadora.tlog\cl.command.1.tlog
c:\users\loler\source\repos\calculadora\calculadora\debug\calculadora.tlog\cl.read.1.tlog
c:\users\loler\source\repos\calculadora\calculadora\debug\calculadora.tlog\cl.write.1.tlog
c:\users\loler\source\repos\calculadora\calculadora\debug\calculadora.tlog\link.command.1.tlog
c:\users\loler\source\repos\calculadora\calculadora\debug\calculadora.tlog\link.read.1.tlog
c:\users\loler\source\repos\calculadora\calculadora\debug\calculadora.tlog\link.write.1.tlog
